[17:12:33] [main/INFO]: Loading Minecraft 1.20.1 with Fabric Loader 0.17.2
[17:12:33] [main/INFO]: Loading 4 mods:
	- fabricloader 0.17.2
	   \-- mixinextras 0.5.0
	- java 25
	- minecraft 1.20.1
[17:12:33] [main/INFO]: SpongePowered MIXIN Subsystem Version=0.8.7 Source=file:/home/smassely/fabricmok/libraries/net/fabricmc/sponge-mixin/0.16.3+mixin.0.8.7/sponge-mixin-0.16.3+mixin.0.8.7.jar Service=Knot/Fabric Env=SERVER
[17:12:36] [main/INFO]: Environment: authHost='https://authserver.mojang.com', accountsHost='https://api.mojang.com', sessionHost='https://sessionserver.mojang.com', servicesHost='https://api.minecraftservices.com', name='PROD'
[17:12:37] [main/INFO]: Loaded 7 recipes
[17:12:37] [main/INFO]: Loaded 1271 advancements
[17:12:37] [Server thread/INFO]: Starting minecraft server version 1.20.1
[17:12:37] [Server thread/INFO]: Loading properties
[17:12:37] [Server thread/INFO]: Default game type: SURVIVAL
[17:12:37] [Server thread/INFO]: Generating keypair
[17:12:37] [Server thread/INFO]: Starting Minecraft server on *:25565
[17:12:37] [Server thread/INFO]: Using epoll channel type
[17:12:37] [Server thread/WARN]: **** SERVER IS RUNNING IN OFFLINE/INSECURE MODE!
[17:12:37] [Server thread/WARN]: The server will make no attempt to authenticate usernames. Beware.
[17:12:37] [Server thread/WARN]: While this makes the game possible to play without internet access, it also opens up the ability for hackers to connect with any username they choose.
[17:12:37] [Server thread/WARN]: To change this, set "online-mode" to "true" in the server.properties file.
[17:12:37] [Server thread/INFO]: Preparing level "world"
[17:12:38] [Server thread/INFO]: Preparing start region for dimension minecraft:overworld
[17:12:40] [Worker-Main-6/INFO]: Preparing spawn area: 0%
[17:12:40] [Worker-Main-8/INFO]: Preparing spawn area: 0%
[17:12:40] [Worker-Main-2/INFO]: Preparing spawn area: 0%
[17:12:40] [Worker-Main-1/INFO]: Preparing spawn area: 0%
[17:12:40] [Worker-Main-6/INFO]: Preparing spawn area: 23%
[17:12:41] [Server thread/INFO]: Time elapsed: 3051 ms
[17:12:41] [Server thread/INFO]: Done (3.860s)! For help, type "help"
[17:13:02] [Server thread/INFO]: smassely[/105.110.127.13:59894] logged in with entity id 184 at (-29.814173448240272, 70.0, 254.59254282428594)
[17:13:02] [Server thread/INFO]: smassely joined the game
[17:13:21] [Server thread/INFO]: adnane2409[/105.98.235.192:52838] logged in with entity id 300 at (-26.5, 69.0, 104.5)
[17:13:21] [Server thread/INFO]: adnane2409 joined the game
[17:13:27] [Server thread/INFO]: Made smassely a server operator
[17:13:29] [Server thread/WARN]: Mismatch in destroy block pos: class_2338{x=0, y=0, z=0} class_2338{x=-20, y=69, z=109}
[17:13:29] [Server thread/WARN]: Mismatch in destroy block pos: class_2338{x=0, y=0, z=0} class_2338{x=-19, y=69, z=109}
[17:13:30] [Server thread/WARN]: Mismatch in destroy block pos: class_2338{x=0, y=0, z=0} class_2338{x=-22, y=69, z=109}
[17:13:31] [Server thread/WARN]: Mismatch in destroy block pos: class_2338{x=0, y=0, z=0} class_2338{x=-21, y=69, z=109}
[17:13:31] [Server thread/WARN]: Mismatch in destroy block pos: class_2338{x=0, y=0, z=0} class_2338{x=-21, y=69, z=110}
[17:13:31] [Server thread/WARN]: Mismatch in destroy block pos: class_2338{x=0, y=0, z=0} class_2338{x=-21, y=69, z=110}
[17:13:31] [Server thread/WARN]: Mismatch in destroy block pos: class_2338{x=0, y=0, z=0} class_2338{x=-22, y=69, z=110}
[17:13:31] [Server thread/WARN]: Mismatch in destroy block pos: class_2338{x=0, y=0, z=0} class_2338{x=-22, y=69, z=111}
[17:13:31] [Server thread/WARN]: Mismatch in destroy block pos: class_2338{x=0, y=0, z=0} class_2338{x=-23, y=69, z=111}
[17:13:31] [Server thread/WARN]: Mismatch in destroy block pos: class_2338{x=0, y=0, z=0} class_2338{x=-23, y=70, z=112}
[17:13:33] [Server thread/WARN]: Mismatch in destroy block pos: class_2338{x=0, y=0, z=0} class_2338{x=-31, y=71, z=119}
[17:13:33] [Server thread/WARN]: Mismatch in destroy block pos: class_2338{x=0, y=0, z=0} class_2338{x=-31, y=71, z=118}
[17:13:33] [Server thread/WARN]: Mismatch in destroy block pos: class_2338{x=0, y=0, z=0} class_2338{x=-31, y=71, z=119}
[17:13:33] [Server thread/WARN]: Mismatch in destroy block pos: class_2338{x=0, y=0, z=0} class_2338{x=-31, y=71, z=120}
[17:13:33] [Server thread/WARN]: Mismatch in destroy block pos: class_2338{x=0, y=0, z=0} class_2338{x=-32, y=71, z=120}
[17:13:33] [Server thread/WARN]: Mismatch in destroy block pos: class_2338{x=0, y=0, z=0} class_2338{x=-32, y=71, z=120}
[17:13:33] [Server thread/INFO]: Made adnane2409 a server operator
[17:13:33] [Server thread/WARN]: Mismatch in destroy block pos: class_2338{x=0, y=0, z=0} class_2338{x=-32, y=71, z=120}
[17:13:34] [Server thread/WARN]: Mismatch in destroy block pos: class_2338{x=0, y=0, z=0} class_2338{x=-32, y=71, z=120}
[17:13:38] [Server thread/INFO]: [smassely: Set own game mode to Creative Mode]
[17:13:39] [Server thread/INFO]: [adnane2409: Teleported adnane2409 to smassely]
[17:13:39] [Server thread/WARN]: adnane2409 moved too quickly! -19.575985189896024,-4.0,106.57564328736734
[17:15:13] [Server thread/INFO]: [adnane2409: Teleported adnane2409 to smassely]
[17:15:13] [Server thread/WARN]: adnane2409 moved too quickly! -4.177073814119609,15.118156870658098,2.277915383788951
[17:15:54] [Server thread/INFO]: [smassely: Teleported adnane2409 to smassely]
[17:15:54] [Server thread/WARN]: adnane2409 moved too quickly! 80.97036045823589,10.622564748320599,21.239928173361534
[17:15:54] [Server thread/WARN]: adnane2409 moved too quickly! 80.97036045823589,10.622564748320599,21.239928173361534
[17:15:54] [Server thread/WARN]: adnane2409 moved too quickly! 80.97036045823589,10.622564748320599,21.239928173361534
[17:15:59] [Server thread/INFO]: [smassely: Summoned new Primed TNT]
[17:16:12] [Server thread/INFO]: smassely lost connection: Disconnected
[17:16:12] [Server thread/INFO]: smassely left the game
[17:16:18] [Server thread/INFO]: Stopping the server
[17:16:18] [Server thread/INFO]: Stopping server
[17:16:18] [Server thread/INFO]: Saving players
[17:16:18] [Server thread/INFO]: adnane2409 lost connection: Server closed
[17:16:18] [Server thread/INFO]: adnane2409 left the game
[17:16:18] [Server thread/INFO]: Saving worlds
[17:16:18] [Server thread/INFO]: Saving chunks for level 'ServerLevel[world]'/minecraft:overworld
[17:16:23] [Server thread/INFO]: Saving chunks for level 'ServerLevel[world]'/minecraft:the_end
[17:16:23] [Server thread/INFO]: Saving chunks for level 'ServerLevel[world]'/minecraft:the_nether
[17:16:23] [Server thread/INFO]: ThreadedAnvilChunkStorage (world): All chunks are saved
[17:16:23] [Server thread/INFO]: ThreadedAnvilChunkStorage (DIM1): All chunks are saved
[17:16:23] [Server thread/INFO]: ThreadedAnvilChunkStorage (DIM-1): All chunks are saved
[17:16:23] [Server thread/INFO]: ThreadedAnvilChunkStorage: All dimensions are saved
